<?xml version="1.0" encoding="UTF-8"?>
<!-- Generated by org.testng.reporters.JUnitReportReporter -->
<testsuite hostname="LAPTOP-DIVUF89F" failures="1" tests="4" name="prathamQa.com.spotify.oauth2.test.PlayListTests" time="17.189" errors="0" timestamp="2024-08-16T16:02:50 IST" skipped="0">
  <testcase classname="prathamQa.com.spotify.oauth2.test.PlayListTests" name="shouldBeAbleToUpdatePlaylist" time="4.601"/>
  <testcase classname="prathamQa.com.spotify.oauth2.test.PlayListTests" name="shouldNotBeAbleToCreataPlaylistWithoutName" time="4.494"/>
  <testcase classname="prathamQa.com.spotify.oauth2.test.PlayListTests" name="shouldBeAbleToCreataPlaylistWithInvalidToken" time="3.476"/>
  <testcase classname="prathamQa.com.spotify.oauth2.test.PlayListTests" name="getCreatedPlaylist" time="4.618">
    <failure message="
Expected: &quot;Playlist _w -zww_,,&quot;
     but: was &quot;Playlist G_ ,Y10_vI&quot;" type="java.lang.AssertionError">
      <![CDATA[java.lang.AssertionError: 
Expected: "Playlist _w -zww_,,"
     but: was "Playlist G_ ,Y10_vI"
at org.hamcrest.MatcherAssert.assertThat(MatcherAssert.java:20)
at org.hamcrest.MatcherAssert.assertThat(MatcherAssert.java:6)
at prathamQa.com.spotify.oauth2.test.PlayListTests.assertPlayList(PlayListTests.java:35)
at prathamQa.com.spotify.oauth2.test.PlayListTests.getCreatedPlaylist(PlayListTests.java:80)
at java.base/jdk.internal.reflect.NativeMethodAccessorImpl.invoke0(Native Method)
at java.base/jdk.internal.reflect.NativeMethodAccessorImpl.invoke(NativeMethodAccessorImpl.java:77)
at java.base/jdk.internal.reflect.DelegatingMethodAccessorImpl.invoke(DelegatingMethodAccessorImpl.java:43)
at java.base/java.lang.reflect.Method.invoke(Method.java:568)
at org.testng.internal.invokers.MethodInvocationHelper.invokeMethod(MethodInvocationHelper.java:141)
at org.testng.internal.invokers.TestInvoker.invokeMethod(TestInvoker.java:686)
at org.testng.internal.invokers.TestInvoker.invokeTestMethod(TestInvoker.java:230)
at org.testng.internal.invokers.MethodRunner.runInSequence(MethodRunner.java:63)
at org.testng.internal.invokers.TestInvoker$MethodInvocationAgent.invoke(TestInvoker.java:992)
at org.testng.internal.invokers.TestInvoker.invokeTestMethods(TestInvoker.java:203)
at org.testng.internal.invokers.TestMethodWorker.invokeTestMethods(TestMethodWorker.java:154)
at org.testng.internal.invokers.TestMethodWorker.run(TestMethodWorker.java:134)
at java.base/java.util.concurrent.Executors$RunnableAdapter.call(Executors.java:539)
at java.base/java.util.concurrent.FutureTask.run(FutureTask.java:264)
at org.testng.internal.thread.graph.TestNGFutureTask.run(TestNGFutureTask.java:22)
at java.base/java.util.concurrent.ThreadPoolExecutor.runWorker(ThreadPoolExecutor.java:1136)
at java.base/java.util.concurrent.ThreadPoolExecutor$Worker.run(ThreadPoolExecutor.java:635)
at java.base/java.lang.Thread.run(Thread.java:833)
]]>
    </failure>
  </testcase> <!-- getCreatedPlaylist -->
</testsuite> <!-- prathamQa.com.spotify.oauth2.test.PlayListTests -->
